<?xml version="1.0" encoding="UTF-8"?>
<!-- Generated by org.testng.reporters.JUnitXMLReporter -->
<testsuite ignored="1" hostname="LAPTOP-8L0GRH4V" failures="0" tests="3" name="Test" time="0.061" errors="0" timestamp="2020-11-19T23:31:32 EST">
  <testcase classname="DME.Maven.SeleniumTest" name="BrowserAutomation" time="0.008"/>
  <testcase classname="DME.Maven.AppiumTest" name="IOSapps" time="0.001"/>
  <testcase classname="DME.Maven.AppiumTest" name="NativeApAndroid" time="0.001"/>
  <testcase classname="DME.Maven.SeleniumTest" name="UIelements" time="0.0">
    <ignored/>
  </testcase> <!-- UIelements -->
</testsuite> <!-- Test -->
