<?xml version="1.0" encoding="UTF-8"?>
<!-- Generated by org.testng.reporters.JUnitXMLReporter -->
<testsuite ignored="0" hostname="LAPTOP-8L0GRH4V" failures="0" tests="4" name="Default test" time="0.091" errors="0" timestamp="2020-09-28T22:55:07 EDT">
  <testcase classname="JavaStreams.ListOps" name="regular" time="0.01"/>
  <testcase classname="JavaStreams.ListOps" name="streamCollect" time="0.004"/>
  <testcase classname="JavaStreams.ListOps" name="streamFilter" time="0.008"/>
  <testcase classname="JavaStreams.ListOps" name="streamMap" time="0.023"/>
</testsuite> <!-- Default test -->
