<?xml version="1.0" encoding="UTF-8"?>
<testng-results ignored="1" total="2" passed="0" failed="1" skipped="0">
  <reporter-output>
  </reporter-output>
  <suite started-at="2020-08-18T23:49:30 EDT" name="Default suite" finished-at="2020-08-18T23:49:30 EDT" duration-ms="28">
    <groups>
      <group name="group1">
        <method signature="Basics.Demo1(java.lang.String, java.lang.String)[pri:0, instance:test.Basics@78dd667e]" name="Demo1" class="test.Basics"/>
      </group> <!-- group1 -->
    </groups>
    <test started-at="2020-08-18T23:49:30 EDT" name="Default test" finished-at="2020-08-18T23:49:30 EDT" duration-ms="28">
      <class name="test.Basics">
        <test-method is-config="true" signature="Prerequisite()[pri:0, instance:test.Basics@78dd667e]" started-at="2020-08-18T23:49:30 EDT" name="Prerequisite" finished-at="2020-08-18T23:49:30 EDT" duration-ms="6" status="PASS">
          <reporter-output>
          </reporter-output>
        </test-method> <!-- Prerequisite -->
        <test-method signature="Demo1(java.lang.String, java.lang.String)[pri:0, instance:test.Basics@78dd667e]" started-at="2020-08-18T23:49:30 EDT" name="Demo1" finished-at="2020-08-18T23:49:30 EDT" duration-ms="0" status="FAIL">
          <exception class="org.testng.TestNGException">
            <message>
              <![CDATA[
Parameter 'URL' is required by @Test on method Demo1 but has not been marked @Optional or defined
in C:\Users\dmeps\AppData\Local\Temp\testng-eclipse--564868440\testng-customsuite.xml]]>
            </message>
            <full-stacktrace>
              <![CDATA[org.testng.TestNGException: 
Parameter 'URL' is required by @Test on method Demo1 but has not been marked @Optional or defined
in C:\Users\dmeps\AppData\Local\Temp\testng-eclipse--564868440\testng-customsuite.xml
at org.testng.internal.Parameters.createParams(Parameters.java:268)
at org.testng.internal.Parameters.createParametersForMethod(Parameters.java:356)
at org.testng.internal.Parameters.createParameters(Parameters.java:700)
at org.testng.internal.Parameters.handleParameters(Parameters.java:875)
at org.testng.internal.Parameters.handleParameters(Parameters.java:740)
at org.testng.internal.ParameterHandler.handleParameters(ParameterHandler.java:59)
at org.testng.internal.ParameterHandler.createParameters(ParameterHandler.java:38)
at org.testng.internal.TestInvoker$MethodInvocationAgent.invoke(TestInvoker.java:789)
at org.testng.internal.TestInvoker.invokeTestMethods(TestInvoker.java:147)
at org.testng.internal.TestMethodWorker.invokeTestMethods(TestMethodWorker.java:146)
at org.testng.internal.TestMethodWorker.run(TestMethodWorker.java:128)
at java.base/java.util.ArrayList.forEach(ArrayList.java:1510)
at org.testng.TestRunner.privateRun(TestRunner.java:764)
at org.testng.TestRunner.run(TestRunner.java:585)
at org.testng.SuiteRunner.runTest(SuiteRunner.java:384)
at org.testng.SuiteRunner.runSequentially(SuiteRunner.java:378)
at org.testng.SuiteRunner.privateRun(SuiteRunner.java:337)
at org.testng.SuiteRunner.run(SuiteRunner.java:286)
at org.testng.SuiteRunnerWorker.runSuite(SuiteRunnerWorker.java:53)
at org.testng.SuiteRunnerWorker.run(SuiteRunnerWorker.java:96)
at org.testng.TestNG.runSuitesSequentially(TestNG.java:1218)
at org.testng.TestNG.runSuitesLocally(TestNG.java:1140)
at org.testng.TestNG.runSuites(TestNG.java:1069)
at org.testng.TestNG.run(TestNG.java:1037)
at org.testng.remote.AbstractRemoteTestNG.run(AbstractRemoteTestNG.java:115)
at org.testng.remote.RemoteTestNG.initAndRun(RemoteTestNG.java:251)
at org.testng.remote.RemoteTestNG.main(RemoteTestNG.java:77)
]]>
            </full-stacktrace>
          </exception> <!-- org.testng.TestNGException -->
          <reporter-output>
          </reporter-output>
        </test-method> <!-- Demo1 -->
        <test-method is-config="true" signature="Signoff()[pri:0, instance:test.Basics@78dd667e]" started-at="2020-08-18T23:49:30 EDT" name="Signoff" finished-at="2020-08-18T23:49:30 EDT" duration-ms="0" status="PASS">
          <reporter-output>
          </reporter-output>
        </test-method> <!-- Signoff -->
      </class> <!-- test.Basics -->
    </test> <!-- Default test -->
  </suite> <!-- Default suite -->
</testng-results>
