<?xml version="1.0" encoding="UTF-8"?>
<testng-results ignored="0" total="2" passed="2" failed="0" skipped="0">
  <reporter-output>
  </reporter-output>
  <suite started-at="2020-12-13T22:25:07 EST" name="Suite" finished-at="2020-12-13T22:26:07 EST" duration-ms="59590">
    <groups>
      <group name="cucumber">
        <method signature="AbstractTestNGCucumberTests.runScenario(cucumber.api.testng.PickleEventWrapper, cucumber.api.testng.CucumberFeatureWrapper)[pri:0, instance:Options.TestRunner@750e2b97]" name="runScenario" class="cucumber.api.testng.AbstractTestNGCucumberTests"/>
      </group> <!-- cucumber -->
    </groups>
    <test started-at="2020-12-13T22:25:07 EST" name="Homepage/Login" finished-at="2020-12-13T22:26:07 EST" duration-ms="59590">
      <class name="Options.TestRunner">
        <test-method is-config="true" signature="setUpClass()[pri:0, instance:Options.TestRunner@750e2b97]" started-at="2020-12-13T22:25:07 EST" name="setUpClass" finished-at="2020-12-13T22:25:07 EST" duration-ms="125" status="PASS">
          <reporter-output>
          </reporter-output>
        </test-method> <!-- setUpClass -->
        <test-method signature="runScenario(cucumber.api.testng.PickleEventWrapper, cucumber.api.testng.CucumberFeatureWrapper)[pri:0, instance:Options.TestRunner@750e2b97]" started-at="2020-12-13T22:25:07 EST" name="runScenario" description="Runs Cucumber Scenarios" data-provider="scenarios" finished-at="2020-12-13T22:25:38 EST" duration-ms="30406" status="PASS">
          <params>
            <param index="0">
              <value>
                <![CDATA["Positive Test - Login Validation # "Outline" is added for parameterization"]]>
              </value>
            </param>
            <param index="1">
              <value>
                <![CDATA["App Login"]]>
              </value>
            </param>
          </params>
          <reporter-output>
          </reporter-output>
        </test-method> <!-- runScenario -->
        <test-method signature="runScenario(cucumber.api.testng.PickleEventWrapper, cucumber.api.testng.CucumberFeatureWrapper)[pri:0, instance:Options.TestRunner@750e2b97]" started-at="2020-12-13T22:25:38 EST" name="runScenario" description="Runs Cucumber Scenarios" data-provider="scenarios" finished-at="2020-12-13T22:26:07 EST" duration-ms="28938" status="PASS">
          <params>
            <param index="0">
              <value>
                <![CDATA["Positive Test - Login Validation # "Outline" is added for parameterization"]]>
              </value>
            </param>
            <param index="1">
              <value>
                <![CDATA["App Login"]]>
              </value>
            </param>
          </params>
          <reporter-output>
          </reporter-output>
        </test-method> <!-- runScenario -->
        <test-method is-config="true" signature="tearDownClass()[pri:0, instance:Options.TestRunner@750e2b97]" started-at="2020-12-13T22:26:07 EST" name="tearDownClass" finished-at="2020-12-13T22:26:07 EST" duration-ms="14" status="PASS">
          <reporter-output>
          </reporter-output>
        </test-method> <!-- tearDownClass -->
      </class> <!-- Options.TestRunner -->
    </test> <!-- Homepage/Login -->
  </suite> <!-- Suite -->
</testng-results>
