<?xml version="1.0" encoding="UTF-8"?>
<testng-results ignored="0" total="4" passed="4" failed="0" skipped="0">
  <reporter-output>
  </reporter-output>
  <suite started-at="2020-09-28T22:55:06 EDT" name="Default suite" finished-at="2020-09-28T22:55:07 EDT" duration-ms="91">
    <groups>
    </groups>
    <test started-at="2020-09-28T22:55:06 EDT" name="Default test" finished-at="2020-09-28T22:55:07 EDT" duration-ms="91">
      <class name="JavaStreams.ListOps">
        <test-method signature="regular()[pri:0, instance:JavaStreams.ListOps@402e37bc]" started-at="2020-09-28T22:55:06 EDT" name="regular" finished-at="2020-09-28T22:55:06 EDT" duration-ms="10" status="PASS">
          <reporter-output>
          </reporter-output>
        </test-method> <!-- regular -->
        <test-method signature="streamCollect()[pri:0, instance:JavaStreams.ListOps@402e37bc]" started-at="2020-09-28T22:55:06 EDT" name="streamCollect" finished-at="2020-09-28T22:55:06 EDT" duration-ms="4" status="PASS">
          <reporter-output>
          </reporter-output>
        </test-method> <!-- streamCollect -->
        <test-method signature="streamFilter()[pri:0, instance:JavaStreams.ListOps@402e37bc]" started-at="2020-09-28T22:55:06 EDT" name="streamFilter" finished-at="2020-09-28T22:55:06 EDT" duration-ms="8" status="PASS">
          <reporter-output>
          </reporter-output>
        </test-method> <!-- streamFilter -->
        <test-method signature="streamMap()[pri:0, instance:JavaStreams.ListOps@402e37bc]" started-at="2020-09-28T22:55:06 EDT" name="streamMap" finished-at="2020-09-28T22:55:07 EDT" duration-ms="23" status="PASS">
          <reporter-output>
          </reporter-output>
        </test-method> <!-- streamMap -->
      </class> <!-- JavaStreams.ListOps -->
    </test> <!-- Default test -->
  </suite> <!-- Default suite -->
</testng-results>
