<?xml version="1.0" encoding="UTF-8"?>
<testng-results ignored="1" total="4" passed="3" failed="0" skipped="0">
  <reporter-output>
  </reporter-output>
  <suite started-at="2020-11-19T23:31:32 EST" name="Suite" finished-at="2020-11-19T23:31:32 EST" duration-ms="61">
    <groups>
    </groups>
    <test started-at="2020-11-19T23:31:32 EST" name="Test" finished-at="2020-11-19T23:31:32 EST" duration-ms="61">
      <class name="DME.Maven.AppiumTest">
        <test-method signature="IOSapps()[pri:0, instance:DME.Maven.AppiumTest@353d0772]" started-at="2020-11-19T23:31:32 EST" name="IOSapps" finished-at="2020-11-19T23:31:32 EST" duration-ms="1" status="PASS">
          <reporter-output>
          </reporter-output>
        </test-method> <!-- IOSapps -->
        <test-method signature="NativeApAndroid()[pri:0, instance:DME.Maven.AppiumTest@353d0772]" started-at="2020-11-19T23:31:32 EST" name="NativeApAndroid" finished-at="2020-11-19T23:31:32 EST" duration-ms="1" status="PASS">
          <reporter-output>
          </reporter-output>
        </test-method> <!-- NativeApAndroid -->
      </class> <!-- DME.Maven.AppiumTest -->
      <class name="DME.Maven.SeleniumTest">
        <test-method signature="BrowserAutomation()[pri:0, instance:DME.Maven.SeleniumTest@10e41621]" started-at="2020-11-19T23:31:32 EST" name="BrowserAutomation" finished-at="2020-11-19T23:31:32 EST" duration-ms="8" status="PASS">
          <reporter-output>
          </reporter-output>
        </test-method> <!-- BrowserAutomation -->
      </class> <!-- DME.Maven.SeleniumTest -->
    </test> <!-- Test -->
  </suite> <!-- Suite -->
</testng-results>
