<?xml version="1.0" encoding="UTF-8"?>
<testng-results ignored="0" total="1" passed="1" failed="0" skipped="0">
  <reporter-output>
  </reporter-output>
  <suite started-at="2020-10-16T23:36:14 EDT" name="Default suite" finished-at="2020-10-16T23:36:28 EDT" duration-ms="14016">
    <groups>
    </groups>
    <test started-at="2020-10-16T23:36:14 EDT" name="Default test" finished-at="2020-10-16T23:36:28 EDT" duration-ms="14016">
      <class name="tests.LoginApp">
        <test-method signature="Login()[pri:0, instance:tests.LoginApp@7fc229ab]" started-at="2020-10-16T23:36:15 EDT" name="Login" finished-at="2020-10-16T23:36:28 EDT" duration-ms="13956" status="PASS">
          <reporter-output>
          </reporter-output>
        </test-method> <!-- Login -->
      </class> <!-- tests.LoginApp -->
    </test> <!-- Default test -->
  </suite> <!-- Default suite -->
</testng-results>
