<?xml version="1.0" encoding="UTF-8"?>
<!-- Generated by org.testng.reporters.JUnitXMLReporter -->
<testsuite ignored="0" hostname="LAPTOP-8L0GRH4V" failures="0" tests="2" name="Homepage/Login" time="60.266" errors="0" timestamp="2020-12-13T22:39:54 EST">
  <testcase classname="cucumber.api.testng.AbstractTestNGCucumberTests" name="runScenario" time="29.937"/>
  <testcase classname="cucumber.api.testng.AbstractTestNGCucumberTests" name="runScenario" time="29.727"/>
</testsuite> <!-- Homepage/Login -->
