<?xml version="1.0" encoding="UTF-8"?>
<!-- Generated by org.testng.reporters.JUnitXMLReporter -->
<testsuite ignored="0" hostname="LAPTOP-8L0GRH4V" failures="0" tests="2" name="Homepage/Login" time="59.59" errors="0" timestamp="2020-12-13T22:26:07 EST">
  <testcase classname="cucumber.api.testng.AbstractTestNGCucumberTests" name="runScenario" time="30.406"/>
  <testcase classname="cucumber.api.testng.AbstractTestNGCucumberTests" name="runScenario" time="28.938"/>
</testsuite> <!-- Homepage/Login -->
