<?xml version="1.0" encoding="UTF-8"?>
<!-- Generated by org.testng.reporters.JUnitXMLReporter -->
<testsuite ignored="0" hostname="LAPTOP-8L0GRH4V" failures="0" tests="3" name="Test" time="26.559" errors="0" timestamp="2020-11-25T22:21:28 EST">
  <testcase classname="FullFramework.HomePage" name="basePageNav" time="0.0">
    <skipped/>
  </testcase> <!-- basePageNav -->
  <testcase classname="FullFramework.validateTitle" name="basePageNav" time="0.067"/>
  <testcase classname="FullFramework.validateNav" name="basePageNav" time="0.075"/>
</testsuite> <!-- Test -->
