<?xml version="1.0" encoding="UTF-8"?>
<!-- Generated by org.testng.reporters.JUnitXMLReporter -->
<testsuite ignored="0" hostname="LAPTOP-8L0GRH4V" failures="1" tests="2" name="Validate Title" time="22.887" errors="0" timestamp="2020-12-02T22:52:40 EST">
  <testcase classname="FullFramework.validateTitle" name="validateAppTitle" time="0.053">
    <failure type="java.lang.AssertionError" message="expected [Featured Curses] but found [Featured Courses]">
      <![CDATA[java.lang.AssertionError: expected [Featured Curses] but found [Featured Courses]
at FullFramework.validateTitle.validateAppTitle(validateTitle.java:33)
at java.base/java.util.ArrayList.forEach(ArrayList.java:1510)
at java.base/java.util.concurrent.FutureTask.run(FutureTask.java:264)
at java.base/java.util.concurrent.ThreadPoolExecutor.runWorker(ThreadPoolExecutor.java:1130)
at java.base/java.util.concurrent.ThreadPoolExecutor$Worker.run(ThreadPoolExecutor.java:630)
at java.base/java.lang.Thread.run(Thread.java:832)
... Removed 24 stack frames]]>
    </failure>
  </testcase> <!-- validateAppTitle -->
  <testcase classname="FullFramework.validateTitle" name="validateHeader" time="0.001"/>
</testsuite> <!-- Validate Title -->
