<?xml version="1.0" encoding="UTF-8"?>
<testsuite xmlns:xsi="http://www.w3.org/2001/XMLSchema-instance" xsi:noNamespaceSchemaLocation="https://maven.apache.org/surefire/maven-surefire-plugin/xsd/surefire-test-report-3.0.xsd" version="3.0" name="TestSuite" time="62.256" tests="2" errors="0" skipped="0" failures="0">
  <properties>
[...]
</properties>
  <testcase name="runScenario[&quot;Positive Test - Login Validation # &quot;Outline&quot; is added for parameterization&quot;, &quot;App Login&quot;](1)" classname="Options.TestRunner" time="30.018">
    <system-out><![CDATA[&amp#27;[32m.&amp#27;[0m&amp#27;[32m.&amp#27;[0m&amp#27;[32m.&amp#27;[0m&amp#27;[32m.&amp#27;[0m&amp#27;[32m.&amp#27;[0m&amp#27;[32m.&amp#27;[0m]]></system-out>
    <system-err><![CDATA[Starting ChromeDriver 87.0.4280.20 (c99e81631faa0b2a448e658c0dbd8311fb04ddbd-refs/branch-heads/4280@{#355}) on port 33969
Only local connections are allowed.
Please see https://chromedriver.chromium.org/security-considerations for suggestions on keeping ChromeDriver safe.
ChromeDriver was started successfully.
Dec 13, 2020 10:39:00 PM org.openqa.selenium.remote.ProtocolHandshake createSession
INFO: Detected dialect: W3C
]]></system-err>
  </testcase>
  <testcase name="runScenario[&quot;Positive Test - Login Validation # &quot;Outline&quot; is added for parameterization&quot;, &quot;App Login&quot;](2)" classname="Options.TestRunner" time="29.7">
    <system-out><![CDATA[&amp#27;[32m.&amp#27;[0m&amp#27;[32m.&amp#27;[0m&amp#27;[32m.&amp#27;[0m&amp#27;[32m.&amp#27;[0m&amp#27;[32m.&amp#27;[0m&amp#27;[32m.&amp#27;[0m]]></system-out>
    <system-err><![CDATA[Starting ChromeDriver 87.0.4280.20 (c99e81631faa0b2a448e658c0dbd8311fb04ddbd-refs/branch-heads/4280@{#355}) on port 13409
Only local connections are allowed.
Please see https://chromedriver.chromium.org/security-considerations for suggestions on keeping ChromeDriver safe.
ChromeDriver was started successfully.
Dec 13, 2020 10:39:28 PM org.openqa.selenium.remote.ProtocolHandshake createSession
INFO: Detected dialect: W3C
]]></system-err>
  </testcase>
</testsuite>