<?xml version="1.0" encoding="UTF-8"?>
<testng-results ignored="0" total="1" passed="1" failed="0" skipped="0">
  <reporter-output>
  </reporter-output>
  <suite started-at="2020-09-22T22:54:03 EDT" name="Default suite" finished-at="2020-09-22T22:54:11 EDT" duration-ms="7292">
    <groups>
    </groups>
    <test started-at="2020-09-22T22:54:03 EDT" name="Default test" finished-at="2020-09-22T22:54:11 EDT" duration-ms="7292">
      <class name="DME.ExtentReports.ReportsDemo">
        <test-method is-config="true" signature="config()[pri:0, instance:DME.ExtentReports.ReportsDemo@d706f19]" started-at="2020-09-22T22:54:03 EDT" name="config" finished-at="2020-09-22T22:54:04 EDT" duration-ms="478" status="PASS">
          <reporter-output>
          </reporter-output>
        </test-method> <!-- config -->
        <test-method signature="initialDemo()[pri:0, instance:DME.ExtentReports.ReportsDemo@d706f19]" started-at="2020-09-22T22:54:04 EDT" name="initialDemo" finished-at="2020-09-22T22:54:11 EDT" duration-ms="6783" status="PASS">
          <reporter-output>
          </reporter-output>
        </test-method> <!-- initialDemo -->
      </class> <!-- DME.ExtentReports.ReportsDemo -->
    </test> <!-- Default test -->
  </suite> <!-- Default suite -->
</testng-results>
