<?xml version="1.0" encoding="UTF-8"?>
<testng-results ignored="0" total="6" passed="6" failed="0" skipped="0">
  <reporter-output>
  </reporter-output>
  <suite started-at="2020-08-23T23:11:48 EDT" name="Suite" finished-at="2020-08-23T23:11:48 EDT" duration-ms="34">
    <groups>
    </groups>
    <test started-at="2020-08-23T23:11:48 EDT" name="Test" finished-at="2020-08-23T23:11:48 EDT" duration-ms="34">
      <class name="DME.Maven.AppiumTest">
        <test-method signature="IOSapps()[pri:0, instance:DME.Maven.AppiumTest@2928854b]" started-at="2020-08-23T23:11:48 EDT" name="IOSapps" finished-at="2020-08-23T23:11:48 EDT" duration-ms="1" status="PASS">
          <reporter-output>
          </reporter-output>
        </test-method> <!-- IOSapps -->
        <test-method signature="NativeApAndroid()[pri:0, instance:DME.Maven.AppiumTest@2928854b]" started-at="2020-08-23T23:11:48 EDT" name="NativeApAndroid" finished-at="2020-08-23T23:11:48 EDT" duration-ms="0" status="PASS">
          <reporter-output>
          </reporter-output>
        </test-method> <!-- NativeApAndroid -->
      </class> <!-- DME.Maven.AppiumTest -->
      <class name="DME.Maven.RestAPITest">
        <test-method signature="deleteTwitter()[pri:0, instance:DME.Maven.RestAPITest@79efed2d]" started-at="2020-08-23T23:11:48 EDT" name="deleteTwitter" finished-at="2020-08-23T23:11:48 EDT" duration-ms="0" status="PASS">
          <reporter-output>
          </reporter-output>
        </test-method> <!-- deleteTwitter -->
        <test-method signature="postJira()[pri:0, instance:DME.Maven.RestAPITest@79efed2d]" started-at="2020-08-23T23:11:48 EDT" name="postJira" finished-at="2020-08-23T23:11:48 EDT" duration-ms="0" status="PASS">
          <reporter-output>
          </reporter-output>
        </test-method> <!-- postJira -->
      </class> <!-- DME.Maven.RestAPITest -->
      <class name="DME.Maven.SeleniumTest">
        <test-method signature="BrowserAutomation()[pri:0, instance:DME.Maven.SeleniumTest@30b7c004]" started-at="2020-08-23T23:11:48 EDT" name="BrowserAutomation" finished-at="2020-08-23T23:11:48 EDT" duration-ms="3" status="PASS">
          <reporter-output>
          </reporter-output>
        </test-method> <!-- BrowserAutomation -->
        <test-method signature="UIelements()[pri:0, instance:DME.Maven.SeleniumTest@30b7c004]" started-at="2020-08-23T23:11:48 EDT" name="UIelements" finished-at="2020-08-23T23:11:48 EDT" duration-ms="1" status="PASS">
          <reporter-output>
          </reporter-output>
        </test-method> <!-- UIelements -->
      </class> <!-- DME.Maven.SeleniumTest -->
    </test> <!-- Test -->
  </suite> <!-- Suite -->
</testng-results>
