<?xml version="1.0" encoding="UTF-8"?>
<!-- Generated by org.testng.reporters.JUnitXMLReporter -->
<testsuite ignored="8" hostname="LAPTOP-8L0GRH4V" failures="0" tests="4" name="groupTest" time="0.048" errors="0" timestamp="2020-08-18T22:52:12 EDT">
  <testcase classname="test.Basics" name="Demo1" time="0.006"/>
  <testcase classname="test.SecCl" name="Demo1" time="0.002"/>
  <testcase classname="test.Logins1" name="LoginAPI" time="0.001"/>
  <testcase classname="test.Logins2" name="LoginAPI" time="0.001"/>
  <testcase classname="test.SecCl" name="dataTest" time="0.0">
    <ignored/>
  </testcase> <!-- dataTest -->
  <testcase classname="test.Logins1" name="MobileLogout" time="0.0">
    <ignored/>
  </testcase> <!-- MobileLogout -->
  <testcase classname="test.Logins1" name="MobileLogin" time="0.0">
    <ignored/>
  </testcase> <!-- MobileLogin -->
  <testcase classname="test.Logins2" name="MobileLogin" time="0.0">
    <ignored/>
  </testcase> <!-- MobileLogin -->
  <testcase classname="test.Logins2" name="WebLogin" time="0.0">
    <ignored/>
  </testcase> <!-- WebLogin -->
  <testcase classname="test.Logins1" name="WebLogin" time="0.0">
    <ignored/>
  </testcase> <!-- WebLogin -->
  <testcase classname="test.Basics" name="Demo" time="0.0">
    <ignored/>
  </testcase> <!-- Demo -->
  <testcase classname="test.SecCl" name="Demo" time="0.0">
    <ignored/>
  </testcase> <!-- Demo -->
</testsuite> <!-- groupTest -->
