<?xml version="1.0" encoding="UTF-8"?>
<!-- Generated by org.testng.reporters.JUnitXMLReporter -->
<testsuite ignored="0" hostname="LAPTOP-8L0GRH4V" failures="0" tests="4" name="Test" time="0.04" errors="0" timestamp="2020-08-12T23:28:06 EDT">
  <testcase classname="test.Basics" name="Demo" time="0.007"/>
  <testcase classname="test.Basics" name="Demo1" time="0.001"/>
  <testcase classname="test.SecCl" name="Demo" time="0.002"/>
  <testcase classname="test.SecCl" name="Demo1" time="0.001"/>
</testsuite> <!-- Test -->
