<?xml version="1.0" encoding="UTF-8"?>
<!-- Generated by org.testng.reporters.JUnitXMLReporter -->
<testsuite ignored="4" hostname="LAPTOP-8L0GRH4V" failures="0" tests="3" name="Test2" time="0.036" errors="0" timestamp="2020-08-18T23:22:23 EDT">
  <testcase classname="test.Logins1" name="LoginAPI" time="0.006"/>
  <testcase classname="test.Logins1" name="WebLogin" time="0.001"/>
  <testcase classname="test.Logins2" name="LoginAPI" time="0.001"/>
  <testcase classname="test.Logins1" name="MobileLogout" time="0.0">
    <ignored/>
  </testcase> <!-- MobileLogout -->
  <testcase classname="test.Logins1" name="MobileLogin" time="0.0">
    <ignored/>
  </testcase> <!-- MobileLogin -->
  <testcase classname="test.Logins2" name="MobileLogin" time="0.0">
    <ignored/>
  </testcase> <!-- MobileLogin -->
  <testcase classname="test.Logins2" name="WebLogin" time="0.0">
    <ignored/>
  </testcase> <!-- WebLogin -->
</testsuite> <!-- Test2 -->
