<?xml version="1.0" encoding="UTF-8"?>
<!-- Generated by org.testng.reporters.JUnitXMLReporter -->
<testsuite ignored="0" hostname="LAPTOP-8L0GRH4V" failures="0" tests="6" name="Test" time="0.034" errors="0" timestamp="2020-08-23T23:11:48 EDT">
  <testcase classname="DME.Maven.SeleniumTest" name="BrowserAutomation" time="0.003"/>
  <testcase classname="DME.Maven.SeleniumTest" name="UIelements" time="0.001"/>
  <testcase classname="DME.Maven.RestAPITest" name="deleteTwitter" time="0.0"/>
  <testcase classname="DME.Maven.RestAPITest" name="postJira" time="0.0"/>
  <testcase classname="DME.Maven.AppiumTest" name="IOSapps" time="0.001"/>
  <testcase classname="DME.Maven.AppiumTest" name="NativeApAndroid" time="0.0"/>
</testsuite> <!-- Test -->
